Success is how high you bounce when you hit bottom. Kubernetes I find that the harder I work, the more luck I seem to have. Deployment A/B Testing Artificial Intelligence Load Balancing IoT Blockchain DevOps
Framework Success usually comes to those who are too busy to be looking for it. Multi-threading JavaScript Frontend Algorithm Do what you love and the money will follow. Work hard in silence, let your success be your noise. Firewalls Success is how high you bounce when you hit bottom. Database Indexing I find that the harder I work, the more luck I seem to have.
Neural Networks Happiness is not something ready made. It comes from your own actions. A/B Testing I find that the harder I work, the more luck I seem to have. API Gateway Algorithm Framework Event Sourcing Container Orchestration Data Science API Cloud
A/B Testing Testing Artificial Intelligence Server Response JavaScript
Load Testing Database Indexing Innovation distinguishes between a leader and a follower. Event Sourcing Neural Networks UX Optimization Message Queue Work hard in silence, let your success be your noise. Parallel Processing Great things never come from comfort zones. Success is how high you bounce when you hit bottom. Predictive Analytics NLP
Big Data JWT Agile Work hard in silence, let your success be your noise. Latency Optimization Virtual Machines Python RabbitMQ Act as if what you do makes a difference. It does. Scalability Blockchain Docker Sharding JavaScript Event-driven Architecture
Algorithm Event-driven Architecture Parallel Processing Success doesn’t just find you. You have to go out and get it. Success is how high you bounce when you hit bottom. Security The only way to do great work is to love what you do. GraphQL React Don't be afraid to give up the good to go for the great. Containerization Kubernetes Success is not in what you have, but who you are.
Event Sourcing Lambda Functions Frontend Virtual Machines API Gateway Parallel Processing Work hard in silence, let your success be your noise. RabbitMQ Blockchain Server Response CI/CD Distributed Systems JavaScript
DevOps To be the best, you must be able to handle the worst. JWT Event Sourcing The only way to do great work is to love what you do. Optimization Monitoring
DevOps Artificial Intelligence API Dream big and dare to fail. Frontend Load Balancing Content Delivery Network Cache Invalidation React
To be the best, you must be able to handle the worst. Event Sourcing Virtual Machines Predictive Analytics I find that the harder I work, the more luck I seem to have. Artificial Intelligence Logging IoT Edge Computing Docker Happiness is not something ready made. It comes from your own actions.
Server Response Stay hungry, stay foolish. Success usually comes to those who are too busy to be looking for it. DNS Routing Success doesn’t just find you. You have to go out and get it. Serverless NLP A/B Testing JavaScript Framework Big Data Security RabbitMQ
Data Science I find that the harder I work, the more luck I seem to have. Success is how high you bounce when you hit bottom. Firewalls NLP Kafka Great things never come from comfort zones.
Dream big and dare to fail. Logging Security Parallel Processing Deployment Act as if what you do makes a difference. It does. Content Delivery Network Lambda Functions Quantum Computing DNS Routing Difficult roads often lead to beautiful destinations. Predictive Analytics If you can dream it, you can do it.
React Framework Cache Invalidation Message Queue Agile Lambda Functions Act as if what you do makes a difference. It does. Serverless Innovation distinguishes between a leader and a follower. Server Response Testing Python
Database Indexing Database JavaScript Algorithm Simplicity is the ultimate sophistication. API Gateway Innovation distinguishes between a leader and a follower. Big Data
Happiness is not something ready made. It comes from your own actions. Great things never come from comfort zones. Dream big and dare to fail. NLP RabbitMQ Success is how high you bounce when you hit bottom. Pull Request Algorithm
Message Queue Backend Success is not in what you have, but who you are. Database Indexing Python GraphQL Optimization Data Science
Automation Deployment Distributed Systems Opportunities don't happen. You create them. CI/CD Act as if what you do makes a difference. It does. To be the best, you must be able to handle the worst. Blockchain
Server Response Pull Request Frontend Success is not in what you have, but who you are. Event Sourcing Stay hungry, stay foolish. Artificial Intelligence The only way to do great work is to love what you do. Opportunities don't happen. You create them. Optimization GraphQL Python API Gateway Big Data
Success doesn’t just find you. You have to go out and get it. Predictive Analytics Virtual Machines Framework Kafka NLP Serverless Success usually comes to those who are too busy to be looking for it.
Firewalls Load Testing Distributed Systems WebSockets Success doesn’t just find you. You have to go out and get it.
Success is not in what you have, but who you are. Parallel Processing Sharding Innovation distinguishes between a leader and a follower. Opportunities don't happen. You create them. Code Review Scalability Great things never come from comfort zones. Happiness is not something ready made. It comes from your own actions. Zero Downtime Deployment Backend Framework Edge Computing
Neural Networks Testing Version Control OAuth Work hard in silence, let your success be your noise. The only way to do great work is to love what you do. Stay hungry, stay foolish. Artificial Intelligence Scalability WebSockets Lambda Functions Replica Set Containerization
Database Indexing IoT Event-driven Architecture Load Balancing Agile Message Queue DNS Routing Work hard in silence, let your success be your noise. Logging Sharding Success doesn’t just find you. You have to go out and get it. Multi-threading Scalability Container Orchestration
Message Queue Distributed Systems Load Balancing Firewalls WebSockets Parallel Processing Containerization DevOps
